[ 2017-08-09T09:30:22+08:00 ] ::1 /webone/index.php/TPH/
INFO: [ app_init ] --START--
INFO: Run Behavior\BuildLiteBehavior [ RunTime:0.000000s ]
INFO: [ app_init ] --END-- [ RunTime:0.002000s ]
NOTIC: [8] Use of undefined constant SQLITE_COLUMN_NAME_KEY - assumed 'SQLITE_COLUMN_NAME_KEY' D:\WWW\webone\Application\TPH\Common\function.php 第 4 行.
NOTIC: [8] Use of undefined constant MYSQL_COLUMN_NAME_KEY - assumed 'MYSQL_COLUMN_NAME_KEY' D:\WWW\webone\Application\TPH\Common\function.php 第 5 行.
INFO: [ app_begin ] --START--
INFO: Run Behavior\ReadHtmlCacheBehavior [ RunTime:0.001000s ]
INFO: [ app_begin ] --END-- [ RunTime:0.003000s ]
INFO: [ view_parse ] --START--
INFO: [ template_filter ] --START--
INFO: Run Behavior\ContentReplaceBehavior [ RunTime:0.001000s ]
INFO: [ template_filter ] --END-- [ RunTime:0.002000s ]
NOTIC: [8] Undefined variable: content D:\WWW\webone\Runtime\Cache\TPH\95bed1c9dfb384565b387e1a02173d11.php 第 202 行.
INFO: Run Behavior\ParseTemplateBehavior [ RunTime:0.059003s ]
INFO: [ view_parse ] --END-- [ RunTime:0.060003s ]
INFO: [ view_filter ] --START--
INFO: Run Behavior\WriteHtmlCacheBehavior [ RunTime:0.001000s ]
INFO: [ view_filter ] --END-- [ RunTime:0.002000s ]
INFO: [ app_end ] --START--
INFO: Run Behavior\ShowPageTraceBehavior [ RunTime:0.006000s ]
INFO: [ app_end ] --END-- [ RunTime:0.008000s ]

[ 2017-08-09T09:30:23+08:00 ] ::1 /webone/index.php/TPH/href=
INFO: [ app_init ] --START--
INFO: Run Behavior\BuildLiteBehavior [ RunTime:0.000000s ]
INFO: [ app_init ] --END-- [ RunTime:0.002000s ]
NOTIC: [8] Use of undefined constant SQLITE_COLUMN_NAME_KEY - assumed 'SQLITE_COLUMN_NAME_KEY' D:\WWW\webone\Application\TPH\Common\function.php 第 4 行.
NOTIC: [8] Use of undefined constant MYSQL_COLUMN_NAME_KEY - assumed 'MYSQL_COLUMN_NAME_KEY' D:\WWW\webone\Application\TPH\Common\function.php 第 5 行.
INFO: [ app_begin ] --START--
INFO: Run Behavior\ReadHtmlCacheBehavior [ RunTime:0.002000s ]
INFO: [ app_begin ] --END-- [ RunTime:0.004001s ]
ERR: 无法加载控制器:Href=

[ 2017-08-09T09:30:28+08:00 ] ::1 /webone/index.php/TPH/Index/checkVersion
INFO: [ app_init ] --START--
INFO: Run Behavior\BuildLiteBehavior [ RunTime:0.000000s ]
INFO: [ app_init ] --END-- [ RunTime:0.002001s ]
NOTIC: [8] Use of undefined constant SQLITE_COLUMN_NAME_KEY - assumed 'SQLITE_COLUMN_NAME_KEY' D:\WWW\webone\Application\TPH\Common\function.php 第 4 行.
NOTIC: [8] Use of undefined constant MYSQL_COLUMN_NAME_KEY - assumed 'MYSQL_COLUMN_NAME_KEY' D:\WWW\webone\Application\TPH\Common\function.php 第 5 行.
INFO: [ app_begin ] --START--
INFO: Run Behavior\ReadHtmlCacheBehavior [ RunTime:0.002001s ]
INFO: [ app_begin ] --END-- [ RunTime:0.003001s ]
INFO: [ app_end ] --START--
INFO: Run Behavior\ShowPageTraceBehavior [ RunTime:0.001000s ]
INFO: [ app_end ] --END-- [ RunTime:0.003000s ]

[ 2017-08-09T09:30:31+08:00 ] ::1 /webone/index.php/TPH/CreateM
INFO: [ app_init ] --START--
INFO: Run Behavior\BuildLiteBehavior [ RunTime:0.000000s ]
INFO: [ app_init ] --END-- [ RunTime:0.002000s ]
NOTIC: [8] Use of undefined constant SQLITE_COLUMN_NAME_KEY - assumed 'SQLITE_COLUMN_NAME_KEY' D:\WWW\webone\Application\TPH\Common\function.php 第 4 行.
NOTIC: [8] Use of undefined constant MYSQL_COLUMN_NAME_KEY - assumed 'MYSQL_COLUMN_NAME_KEY' D:\WWW\webone\Application\TPH\Common\function.php 第 5 行.
INFO: [ app_begin ] --START--
INFO: Run Behavior\ReadHtmlCacheBehavior [ RunTime:0.001001s ]
INFO: [ app_begin ] --END-- [ RunTime:0.003001s ]
SQL: select table_name from information_schema.tables where table_schema='webone' and table_type='base table' [ RunTime:0.0020s ]
NOTIC: [2048] Non-static method TPH\Controller\FileUtil::getDirList() should not be called statically, assuming $this from incompatible context D:\WWW\webone\Application\TPH\Controller\CreateMController.class.php 第 83 行.
NOTIC: [2] implode() [<a href='function.implode'>function.implode</a>]: Invalid arguments passed D:\WWW\webone\Application\TPH\Controller\CreateMController.class.php 第 26 行.
INFO: [ view_parse ] --START--
INFO: [ template_filter ] --START--
INFO: Run Behavior\ContentReplaceBehavior [ RunTime:0.001000s ]
INFO: [ template_filter ] --END-- [ RunTime:0.002000s ]
INFO: Run Behavior\ParseTemplateBehavior [ RunTime:0.078005s ]
INFO: [ view_parse ] --END-- [ RunTime:0.078005s ]
INFO: [ view_filter ] --START--
INFO: Run Behavior\WriteHtmlCacheBehavior [ RunTime:0.001000s ]
INFO: [ view_filter ] --END-- [ RunTime:0.003000s ]
INFO: [ app_end ] --START--
INFO: Run Behavior\ShowPageTraceBehavior [ RunTime:0.001000s ]
INFO: [ app_end ] --END-- [ RunTime:0.003000s ]

[ 2017-08-09T09:30:32+08:00 ] ::1 /webone/index.php/TPH/Index/checkVersion
INFO: [ app_init ] --START--
INFO: Run Behavior\BuildLiteBehavior [ RunTime:0.000000s ]
INFO: [ app_init ] --END-- [ RunTime:0.002000s ]
NOTIC: [8] Use of undefined constant SQLITE_COLUMN_NAME_KEY - assumed 'SQLITE_COLUMN_NAME_KEY' D:\WWW\webone\Application\TPH\Common\function.php 第 4 行.
NOTIC: [8] Use of undefined constant MYSQL_COLUMN_NAME_KEY - assumed 'MYSQL_COLUMN_NAME_KEY' D:\WWW\webone\Application\TPH\Common\function.php 第 5 行.
INFO: [ app_begin ] --START--
INFO: Run Behavior\ReadHtmlCacheBehavior [ RunTime:0.002000s ]
INFO: [ app_begin ] --END-- [ RunTime:0.002000s ]
INFO: [ app_end ] --START--
INFO: Run Behavior\ShowPageTraceBehavior [ RunTime:0.001000s ]
INFO: [ app_end ] --END-- [ RunTime:0.002000s ]

[ 2017-08-09T09:30:34+08:00 ] ::1 /webone/index.php/TPH/CRUD/crud
INFO: [ app_init ] --START--
INFO: Run Behavior\BuildLiteBehavior [ RunTime:0.000000s ]
INFO: [ app_init ] --END-- [ RunTime:0.002000s ]
NOTIC: [8] Use of undefined constant SQLITE_COLUMN_NAME_KEY - assumed 'SQLITE_COLUMN_NAME_KEY' D:\WWW\webone\Application\TPH\Common\function.php 第 4 行.
NOTIC: [8] Use of undefined constant MYSQL_COLUMN_NAME_KEY - assumed 'MYSQL_COLUMN_NAME_KEY' D:\WWW\webone\Application\TPH\Common\function.php 第 5 行.
INFO: [ app_begin ] --START--
INFO: Run Behavior\ReadHtmlCacheBehavior [ RunTime:0.001000s ]
INFO: [ app_begin ] --END-- [ RunTime:0.003000s ]
SQL: select table_name from information_schema.tables where table_schema='webone' and table_type='base table' [ RunTime:0.0020s ]
NOTIC: [2] implode() [<a href='function.implode'>function.implode</a>]: Invalid arguments passed D:\WWW\webone\Application\TPH\Controller\CRUDController.class.php 第 21 行.
INFO: [ view_parse ] --START--
INFO: [ template_filter ] --START--
INFO: Run Behavior\ContentReplaceBehavior [ RunTime:0.001000s ]
INFO: [ template_filter ] --END-- [ RunTime:0.002000s ]
INFO: Run Behavior\ParseTemplateBehavior [ RunTime:0.083005s ]
INFO: [ view_parse ] --END-- [ RunTime:0.084005s ]
INFO: [ view_filter ] --START--
INFO: Run Behavior\WriteHtmlCacheBehavior [ RunTime:0.002000s ]
INFO: [ view_filter ] --END-- [ RunTime:0.002000s ]
INFO: [ app_end ] --START--
INFO: Run Behavior\ShowPageTraceBehavior [ RunTime:0.001000s ]
INFO: [ app_end ] --END-- [ RunTime:0.003000s ]

[ 2017-08-09T09:30:34+08:00 ] ::1 /webone/index.php/TPH/CRUD/href=
INFO: [ app_init ] --START--
INFO: Run Behavior\BuildLiteBehavior [ RunTime:0.000000s ]
INFO: [ app_init ] --END-- [ RunTime:0.003000s ]
NOTIC: [8] Use of undefined constant SQLITE_COLUMN_NAME_KEY - assumed 'SQLITE_COLUMN_NAME_KEY' D:\WWW\webone\Application\TPH\Common\function.php 第 4 行.
NOTIC: [8] Use of undefined constant MYSQL_COLUMN_NAME_KEY - assumed 'MYSQL_COLUMN_NAME_KEY' D:\WWW\webone\Application\TPH\Common\function.php 第 5 行.
INFO: [ app_begin ] --START--
INFO: Run Behavior\ReadHtmlCacheBehavior [ RunTime:0.001000s ]
INFO: [ app_begin ] --END-- [ RunTime:0.003000s ]
ERR: 非法操作:href=

[ 2017-08-09T09:30:36+08:00 ] ::1 /webone/index.php/TPH/Index/checkVersion
INFO: [ app_init ] --START--
INFO: Run Behavior\BuildLiteBehavior [ RunTime:0.000000s ]
INFO: [ app_init ] --END-- [ RunTime:0.003000s ]
NOTIC: [8] Use of undefined constant SQLITE_COLUMN_NAME_KEY - assumed 'SQLITE_COLUMN_NAME_KEY' D:\WWW\webone\Application\TPH\Common\function.php 第 4 行.
NOTIC: [8] Use of undefined constant MYSQL_COLUMN_NAME_KEY - assumed 'MYSQL_COLUMN_NAME_KEY' D:\WWW\webone\Application\TPH\Common\function.php 第 5 行.
INFO: [ app_begin ] --START--
INFO: Run Behavior\ReadHtmlCacheBehavior [ RunTime:0.001000s ]
INFO: [ app_begin ] --END-- [ RunTime:0.003000s ]
INFO: [ app_end ] --START--
INFO: Run Behavior\ShowPageTraceBehavior [ RunTime:0.001000s ]
INFO: [ app_end ] --END-- [ RunTime:0.003000s ]

[ 2017-08-09T09:31:06+08:00 ] ::1 /webone/index.php/TPH/CRUD/crud
INFO: [ app_init ] --START--
INFO: Run Behavior\BuildLiteBehavior [ RunTime:0.000000s ]
INFO: [ app_init ] --END-- [ RunTime:0.002000s ]
NOTIC: [8] Use of undefined constant SQLITE_COLUMN_NAME_KEY - assumed 'SQLITE_COLUMN_NAME_KEY' D:\WWW\webone\Application\TPH\Common\function.php 第 4 行.
NOTIC: [8] Use of undefined constant MYSQL_COLUMN_NAME_KEY - assumed 'MYSQL_COLUMN_NAME_KEY' D:\WWW\webone\Application\TPH\Common\function.php 第 5 行.
INFO: [ app_begin ] --START--
INFO: Run Behavior\ReadHtmlCacheBehavior [ RunTime:0.001000s ]
INFO: [ app_begin ] --END-- [ RunTime:0.003000s ]
SQL: select table_name from information_schema.tables where table_schema='webone' and table_type='base table' [ RunTime:0.0010s ]
NOTIC: [2] implode() [<a href='function.implode'>function.implode</a>]: Invalid arguments passed D:\WWW\webone\Application\TPH\Controller\CRUDController.class.php 第 21 行.
INFO: [ view_parse ] --START--
INFO: [ template_filter ] --START--
INFO: Run Behavior\ContentReplaceBehavior [ RunTime:0.001001s ]
INFO: [ template_filter ] --END-- [ RunTime:0.003001s ]
INFO: Run Behavior\ParseTemplateBehavior [ RunTime:0.080005s ]
INFO: [ view_parse ] --END-- [ RunTime:0.082005s ]
INFO: [ view_filter ] --START--
INFO: Run Behavior\WriteHtmlCacheBehavior [ RunTime:0.001000s ]
INFO: [ view_filter ] --END-- [ RunTime:0.002000s ]
INFO: [ app_end ] --START--
INFO: Run Behavior\ShowPageTraceBehavior [ RunTime:0.002000s ]
INFO: [ app_end ] --END-- [ RunTime:0.003000s ]

[ 2017-08-09T09:31:07+08:00 ] ::1 /webone/index.php/TPH/Index/checkVersion
INFO: [ app_init ] --START--
INFO: Run Behavior\BuildLiteBehavior [ RunTime:0.000000s ]
INFO: [ app_init ] --END-- [ RunTime:0.002000s ]
NOTIC: [8] Use of undefined constant SQLITE_COLUMN_NAME_KEY - assumed 'SQLITE_COLUMN_NAME_KEY' D:\WWW\webone\Application\TPH\Common\function.php 第 4 行.
NOTIC: [8] Use of undefined constant MYSQL_COLUMN_NAME_KEY - assumed 'MYSQL_COLUMN_NAME_KEY' D:\WWW\webone\Application\TPH\Common\function.php 第 5 行.
INFO: [ app_begin ] --START--
INFO: Run Behavior\ReadHtmlCacheBehavior [ RunTime:0.001000s ]
INFO: [ app_begin ] --END-- [ RunTime:0.002000s ]
INFO: [ app_end ] --START--
INFO: Run Behavior\ShowPageTraceBehavior [ RunTime:0.002000s ]
INFO: [ app_end ] --END-- [ RunTime:0.002000s ]

[ 2017-08-09T09:31:09+08:00 ] ::1 /webone/index.php/TPH/FCode
INFO: [ app_init ] --START--
INFO: Run Behavior\BuildLiteBehavior [ RunTime:0.000000s ]
INFO: [ app_init ] --END-- [ RunTime:0.003000s ]
NOTIC: [8] Use of undefined constant SQLITE_COLUMN_NAME_KEY - assumed 'SQLITE_COLUMN_NAME_KEY' D:\WWW\webone\Application\TPH\Common\function.php 第 4 行.
NOTIC: [8] Use of undefined constant MYSQL_COLUMN_NAME_KEY - assumed 'MYSQL_COLUMN_NAME_KEY' D:\WWW\webone\Application\TPH\Common\function.php 第 5 行.
INFO: [ app_begin ] --START--
INFO: Run Behavior\ReadHtmlCacheBehavior [ RunTime:0.002000s ]
INFO: [ app_begin ] --END-- [ RunTime:0.003000s ]
SQL: select table_name from information_schema.tables where table_schema='webone' and table_type='base table' [ RunTime:0.0010s ]
INFO: [ view_parse ] --START--
INFO: [ template_filter ] --START--
INFO: Run Behavior\ContentReplaceBehavior [ RunTime:0.000000s ]
INFO: [ template_filter ] --END-- [ RunTime:0.002000s ]
INFO: Run Behavior\ParseTemplateBehavior [ RunTime:0.056004s ]
INFO: [ view_parse ] --END-- [ RunTime:0.057004s ]
INFO: [ view_filter ] --START--
INFO: Run Behavior\WriteHtmlCacheBehavior [ RunTime:0.001000s ]
INFO: [ view_filter ] --END-- [ RunTime:0.003000s ]
INFO: [ app_end ] --START--
INFO: Run Behavior\ShowPageTraceBehavior [ RunTime:0.002000s ]
INFO: [ app_end ] --END-- [ RunTime:0.003000s ]

[ 2017-08-09T09:31:10+08:00 ] ::1 /webone/index.php/TPH/Index/checkVersion
INFO: [ app_init ] --START--
INFO: Run Behavior\BuildLiteBehavior [ RunTime:0.000000s ]
INFO: [ app_init ] --END-- [ RunTime:0.003000s ]
NOTIC: [8] Use of undefined constant SQLITE_COLUMN_NAME_KEY - assumed 'SQLITE_COLUMN_NAME_KEY' D:\WWW\webone\Application\TPH\Common\function.php 第 4 行.
NOTIC: [8] Use of undefined constant MYSQL_COLUMN_NAME_KEY - assumed 'MYSQL_COLUMN_NAME_KEY' D:\WWW\webone\Application\TPH\Common\function.php 第 5 行.
INFO: [ app_begin ] --START--
INFO: Run Behavior\ReadHtmlCacheBehavior [ RunTime:0.001000s ]
INFO: [ app_begin ] --END-- [ RunTime:0.002000s ]
INFO: [ app_end ] --START--
INFO: Run Behavior\ShowPageTraceBehavior [ RunTime:0.002000s ]
INFO: [ app_end ] --END-- [ RunTime:0.002000s ]

[ 2017-08-09T09:31:12+08:00 ] ::1 /webone/index.php/TPH/FCode/loadField
INFO: [ app_init ] --START--
INFO: Run Behavior\BuildLiteBehavior [ RunTime:0.001000s ]
INFO: [ app_init ] --END-- [ RunTime:0.002000s ]
NOTIC: [8] Use of undefined constant SQLITE_COLUMN_NAME_KEY - assumed 'SQLITE_COLUMN_NAME_KEY' D:\WWW\webone\Application\TPH\Common\function.php 第 4 行.
NOTIC: [8] Use of undefined constant MYSQL_COLUMN_NAME_KEY - assumed 'MYSQL_COLUMN_NAME_KEY' D:\WWW\webone\Application\TPH\Common\function.php 第 5 行.
INFO: [ app_begin ] --START--
INFO: Run Behavior\ReadHtmlCacheBehavior [ RunTime:0.001000s ]
INFO: [ app_begin ] --END-- [ RunTime:0.002000s ]
SQL: select * from information_schema.columns where table_schema='webone' and table_name='jnjs_jnjs_admin_menu' [ RunTime:0.0100s ]
NOTIC: [8] Undefined variable: res D:\WWW\webone\Application\TPH\Common\function.php 第 113 行.
NOTIC: [2] Invalid argument supplied for foreach() D:\WWW\webone\Application\TPH\Controller\FCodeController.class.php 第 40 行.
INFO: [ app_end ] --START--
INFO: Run Behavior\ShowPageTraceBehavior [ RunTime:0.001000s ]
INFO: [ app_end ] --END-- [ RunTime:0.002000s ]

[ 2017-08-09T09:31:39+08:00 ] ::1 /webone/index.php/TPH/CRUD/crud
INFO: [ app_init ] --START--
INFO: Run Behavior\BuildLiteBehavior [ RunTime:0.000000s ]
INFO: [ app_init ] --END-- [ RunTime:0.002000s ]
NOTIC: [8] Use of undefined constant SQLITE_COLUMN_NAME_KEY - assumed 'SQLITE_COLUMN_NAME_KEY' D:\WWW\webone\Application\TPH\Common\function.php 第 4 行.
NOTIC: [8] Use of undefined constant MYSQL_COLUMN_NAME_KEY - assumed 'MYSQL_COLUMN_NAME_KEY' D:\WWW\webone\Application\TPH\Common\function.php 第 5 行.
INFO: [ app_begin ] --START--
INFO: Run Behavior\ReadHtmlCacheBehavior [ RunTime:0.001000s ]
INFO: [ app_begin ] --END-- [ RunTime:0.003001s ]
SQL: select table_name from information_schema.tables where table_schema='webone' and table_type='base table' [ RunTime:0.0010s ]
NOTIC: [2] implode() [<a href='function.implode'>function.implode</a>]: Invalid arguments passed D:\WWW\webone\Application\TPH\Controller\CRUDController.class.php 第 21 行.
INFO: [ view_parse ] --START--
INFO: [ template_filter ] --START--
INFO: Run Behavior\ContentReplaceBehavior [ RunTime:0.000000s ]
INFO: [ template_filter ] --END-- [ RunTime:0.002000s ]
INFO: Run Behavior\ParseTemplateBehavior [ RunTime:0.078005s ]
INFO: [ view_parse ] --END-- [ RunTime:0.080005s ]
INFO: [ view_filter ] --START--
INFO: Run Behavior\WriteHtmlCacheBehavior [ RunTime:0.001000s ]
INFO: [ view_filter ] --END-- [ RunTime:0.002000s ]
INFO: [ app_end ] --START--
INFO: Run Behavior\ShowPageTraceBehavior [ RunTime:0.001000s ]
INFO: [ app_end ] --END-- [ RunTime:0.003000s ]

[ 2017-08-09T09:31:51+08:00 ] ::1 /webone/index.php/TPH/Index/checkVersion
INFO: [ app_init ] --START--
INFO: Run Behavior\BuildLiteBehavior [ RunTime:0.000000s ]
INFO: [ app_init ] --END-- [ RunTime:0.002001s ]
NOTIC: [8] Use of undefined constant SQLITE_COLUMN_NAME_KEY - assumed 'SQLITE_COLUMN_NAME_KEY' D:\WWW\webone\Application\TPH\Common\function.php 第 4 行.
NOTIC: [8] Use of undefined constant MYSQL_COLUMN_NAME_KEY - assumed 'MYSQL_COLUMN_NAME_KEY' D:\WWW\webone\Application\TPH\Common\function.php 第 5 行.
INFO: [ app_begin ] --START--
INFO: Run Behavior\ReadHtmlCacheBehavior [ RunTime:0.002000s ]
INFO: [ app_begin ] --END-- [ RunTime:0.004000s ]
INFO: [ app_end ] --START--
INFO: Run Behavior\ShowPageTraceBehavior [ RunTime:0.002000s ]
INFO: [ app_end ] --END-- [ RunTime:0.003000s ]

[ 2017-08-09T09:34:21+08:00 ] ::1 /webone/index.php/TPH/CRUD/previewAllPage/
INFO: [ app_init ] --START--
INFO: Run Behavior\BuildLiteBehavior [ RunTime:0.001000s ]
INFO: [ app_init ] --END-- [ RunTime:0.002000s ]
NOTIC: [8] Use of undefined constant SQLITE_COLUMN_NAME_KEY - assumed 'SQLITE_COLUMN_NAME_KEY' D:\WWW\webone\Application\TPH\Common\function.php 第 4 行.
NOTIC: [8] Use of undefined constant MYSQL_COLUMN_NAME_KEY - assumed 'MYSQL_COLUMN_NAME_KEY' D:\WWW\webone\Application\TPH\Common\function.php 第 5 行.
INFO: [ app_begin ] --START--
INFO: Run Behavior\ReadHtmlCacheBehavior [ RunTime:0.001000s ]
INFO: [ app_begin ] --END-- [ RunTime:0.002000s ]
SQL: SHOW COLUMNS FROM `jnjs_lable` [ RunTime:0.0120s ]
SQL: select * from information_schema.columns where table_schema='webone' and table_name='jnjs_lable' [ RunTime:0.0160s ]
INFO: [ app_end ] --START--
INFO: Run Behavior\ShowPageTraceBehavior [ RunTime:0.002000s ]
INFO: [ app_end ] --END-- [ RunTime:0.004001s ]

[ 2017-08-09T09:34:21+08:00 ] ::1 /webone/index.php/TPH/CRUD/editCode/
INFO: [ app_init ] --START--
INFO: Run Behavior\BuildLiteBehavior [ RunTime:0.000000s ]
INFO: [ app_init ] --END-- [ RunTime:0.003000s ]
NOTIC: [8] Use of undefined constant SQLITE_COLUMN_NAME_KEY - assumed 'SQLITE_COLUMN_NAME_KEY' D:\WWW\webone\Application\TPH\Common\function.php 第 4 行.
NOTIC: [8] Use of undefined constant MYSQL_COLUMN_NAME_KEY - assumed 'MYSQL_COLUMN_NAME_KEY' D:\WWW\webone\Application\TPH\Common\function.php 第 5 行.
INFO: [ app_begin ] --START--
INFO: Run Behavior\ReadHtmlCacheBehavior [ RunTime:0.002000s ]
INFO: [ app_begin ] --END-- [ RunTime:0.003000s ]
INFO: [ view_parse ] --START--
INFO: [ template_filter ] --START--
INFO: Run Behavior\ContentReplaceBehavior [ RunTime:0.000000s ]
INFO: [ template_filter ] --END-- [ RunTime:0.002001s ]
INFO: Run Behavior\ParseTemplateBehavior [ RunTime:0.077004s ]
INFO: [ view_parse ] --END-- [ RunTime:0.080004s ]
INFO: [ view_filter ] --START--
INFO: Run Behavior\WriteHtmlCacheBehavior [ RunTime:0.001000s ]
INFO: [ view_filter ] --END-- [ RunTime:0.003000s ]
INFO: [ app_end ] --START--
INFO: Run Behavior\ShowPageTraceBehavior [ RunTime:0.002000s ]
INFO: [ app_end ] --END-- [ RunTime:0.004000s ]

[ 2017-08-09T09:34:21+08:00 ] ::1 /webone/index.php/TPH/CRUD/addCode/
INFO: [ app_init ] --START--
INFO: Run Behavior\BuildLiteBehavior [ RunTime:0.000000s ]
INFO: [ app_init ] --END-- [ RunTime:0.003000s ]
NOTIC: [8] Use of undefined constant SQLITE_COLUMN_NAME_KEY - assumed 'SQLITE_COLUMN_NAME_KEY' D:\WWW\webone\Application\TPH\Common\function.php 第 4 行.
NOTIC: [8] Use of undefined constant MYSQL_COLUMN_NAME_KEY - assumed 'MYSQL_COLUMN_NAME_KEY' D:\WWW\webone\Application\TPH\Common\function.php 第 5 行.
INFO: [ app_begin ] --START--
INFO: Run Behavior\ReadHtmlCacheBehavior [ RunTime:0.001000s ]
INFO: [ app_begin ] --END-- [ RunTime:0.003000s ]
INFO: [ view_parse ] --START--
INFO: [ template_filter ] --START--
INFO: Run Behavior\ContentReplaceBehavior [ RunTime:0.000000s ]
INFO: [ template_filter ] --END-- [ RunTime:0.002001s ]
INFO: Run Behavior\ParseTemplateBehavior [ RunTime:0.048003s ]
INFO: [ view_parse ] --END-- [ RunTime:0.051003s ]
INFO: [ view_filter ] --START--
INFO: Run Behavior\WriteHtmlCacheBehavior [ RunTime:0.002001s ]
INFO: [ view_filter ] --END-- [ RunTime:0.004001s ]
INFO: [ app_end ] --START--
INFO: Run Behavior\ShowPageTraceBehavior [ RunTime:0.002000s ]
INFO: [ app_end ] --END-- [ RunTime:0.003000s ]

[ 2017-08-09T09:34:22+08:00 ] ::1 /webone/index.php/TPH/CRUD/allCode/
INFO: [ app_init ] --START--
INFO: Run Behavior\BuildLiteBehavior [ RunTime:0.000000s ]
INFO: [ app_init ] --END-- [ RunTime:0.002000s ]
NOTIC: [8] Use of undefined constant SQLITE_COLUMN_NAME_KEY - assumed 'SQLITE_COLUMN_NAME_KEY' D:\WWW\webone\Application\TPH\Common\function.php 第 4 行.
NOTIC: [8] Use of undefined constant MYSQL_COLUMN_NAME_KEY - assumed 'MYSQL_COLUMN_NAME_KEY' D:\WWW\webone\Application\TPH\Common\function.php 第 5 行.
INFO: [ app_begin ] --START--
INFO: Run Behavior\ReadHtmlCacheBehavior [ RunTime:0.001000s ]
INFO: [ app_begin ] --END-- [ RunTime:0.003000s ]
INFO: [ view_parse ] --START--
INFO: [ template_filter ] --START--
INFO: Run Behavior\ContentReplaceBehavior [ RunTime:0.001000s ]
INFO: [ template_filter ] --END-- [ RunTime:0.002000s ]
INFO: Run Behavior\ParseTemplateBehavior [ RunTime:0.055003s ]
INFO: [ view_parse ] --END-- [ RunTime:0.057003s ]
INFO: [ view_filter ] --START--
INFO: Run Behavior\WriteHtmlCacheBehavior [ RunTime:0.001000s ]
INFO: [ view_filter ] --END-- [ RunTime:0.002000s ]
INFO: [ app_end ] --START--
INFO: Run Behavior\ShowPageTraceBehavior [ RunTime:0.001000s ]
INFO: [ app_end ] --END-- [ RunTime:0.010001s ]

[ 2017-08-09T09:34:22+08:00 ] ::1 /webone/index.php/TPH/CRUD/deleteCode/
INFO: [ app_init ] --START--
INFO: Run Behavior\BuildLiteBehavior [ RunTime:0.000000s ]
INFO: [ app_init ] --END-- [ RunTime:0.003000s ]
NOTIC: [8] Use of undefined constant SQLITE_COLUMN_NAME_KEY - assumed 'SQLITE_COLUMN_NAME_KEY' D:\WWW\webone\Application\TPH\Common\function.php 第 4 行.
NOTIC: [8] Use of undefined constant MYSQL_COLUMN_NAME_KEY - assumed 'MYSQL_COLUMN_NAME_KEY' D:\WWW\webone\Application\TPH\Common\function.php 第 5 行.
INFO: [ app_begin ] --START--
INFO: Run Behavior\ReadHtmlCacheBehavior [ RunTime:0.002000s ]
INFO: [ app_begin ] --END-- [ RunTime:0.004000s ]
INFO: [ view_parse ] --START--
INFO: [ template_filter ] --START--
INFO: Run Behavior\ContentReplaceBehavior [ RunTime:0.001000s ]
INFO: [ template_filter ] --END-- [ RunTime:0.001000s ]
INFO: Run Behavior\ParseTemplateBehavior [ RunTime:0.023001s ]
INFO: [ view_parse ] --END-- [ RunTime:0.025001s ]
INFO: [ view_filter ] --START--
INFO: Run Behavior\WriteHtmlCacheBehavior [ RunTime:0.001000s ]
INFO: [ view_filter ] --END-- [ RunTime:0.002000s ]
INFO: [ app_end ] --START--
INFO: Run Behavior\ShowPageTraceBehavior [ RunTime:0.001000s ]
INFO: [ app_end ] --END-- [ RunTime:0.002001s ]

[ 2017-08-09T09:34:23+08:00 ] ::1 /webone/index.php/TPH/CRUD/allPageCode/
INFO: [ app_init ] --START--
INFO: Run Behavior\BuildLiteBehavior [ RunTime:0.000000s ]
INFO: [ app_init ] --END-- [ RunTime:0.009001s ]
NOTIC: [8] Use of undefined constant SQLITE_COLUMN_NAME_KEY - assumed 'SQLITE_COLUMN_NAME_KEY' D:\WWW\webone\Application\TPH\Common\function.php 第 4 行.
NOTIC: [8] Use of undefined constant MYSQL_COLUMN_NAME_KEY - assumed 'MYSQL_COLUMN_NAME_KEY' D:\WWW\webone\Application\TPH\Common\function.php 第 5 行.
INFO: [ app_begin ] --START--
INFO: Run Behavior\ReadHtmlCacheBehavior [ RunTime:0.002000s ]
INFO: [ app_begin ] --END-- [ RunTime:0.004000s ]
SQL: select * from information_schema.columns where table_schema='webone' and table_name='jnjs_lable' [ RunTime:0.0130s ]
INFO: [ view_parse ] --START--
INFO: [ template_filter ] --START--
INFO: Run Behavior\ContentReplaceBehavior [ RunTime:0.001000s ]
INFO: [ template_filter ] --END-- [ RunTime:0.001000s ]
INFO: Run Behavior\ParseTemplateBehavior [ RunTime:0.071004s ]
INFO: [ view_parse ] --END-- [ RunTime:0.072004s ]
INFO: [ view_filter ] --START--
INFO: Run Behavior\WriteHtmlCacheBehavior [ RunTime:0.001000s ]
INFO: [ view_filter ] --END-- [ RunTime:0.002000s ]
INFO: [ app_end ] --START--
INFO: Run Behavior\ShowPageTraceBehavior [ RunTime:0.001000s ]
INFO: [ app_end ] --END-- [ RunTime:0.002000s ]

[ 2017-08-09T09:34:24+08:00 ] ::1 /webone/index.php/TPH/CRUD/editPage/
INFO: [ app_init ] --START--
INFO: Run Behavior\BuildLiteBehavior [ RunTime:0.001001s ]
INFO: [ app_init ] --END-- [ RunTime:0.003001s ]
NOTIC: [8] Use of undefined constant SQLITE_COLUMN_NAME_KEY - assumed 'SQLITE_COLUMN_NAME_KEY' D:\WWW\webone\Application\TPH\Common\function.php 第 4 行.
NOTIC: [8] Use of undefined constant MYSQL_COLUMN_NAME_KEY - assumed 'MYSQL_COLUMN_NAME_KEY' D:\WWW\webone\Application\TPH\Common\function.php 第 5 行.
INFO: [ app_begin ] --START--
INFO: Run Behavior\ReadHtmlCacheBehavior [ RunTime:0.001000s ]
INFO: [ app_begin ] --END-- [ RunTime:0.003000s ]
SQL: select * from information_schema.columns where table_schema='webone' and table_name='jnjs_lable' [ RunTime:0.0100s ]
INFO: [ view_parse ] --START--
INFO: [ template_filter ] --START--
INFO: Run Behavior\ContentReplaceBehavior [ RunTime:0.000000s ]
INFO: [ template_filter ] --END-- [ RunTime:0.002000s ]
INFO: Run Behavior\ParseTemplateBehavior [ RunTime:0.048003s ]
INFO: [ view_parse ] --END-- [ RunTime:0.048003s ]
INFO: [ view_filter ] --START--
INFO: Run Behavior\WriteHtmlCacheBehavior [ RunTime:0.002000s ]
INFO: [ view_filter ] --END-- [ RunTime:0.002000s ]
INFO: [ app_end ] --START--
INFO: Run Behavior\ShowPageTraceBehavior [ RunTime:0.001000s ]
INFO: [ app_end ] --END-- [ RunTime:0.002000s ]

[ 2017-08-09T09:34:25+08:00 ] ::1 /webone/index.php/TPH/CRUD/addPage/
INFO: [ app_init ] --START--
INFO: Run Behavior\BuildLiteBehavior [ RunTime:0.000000s ]
INFO: [ app_init ] --END-- [ RunTime:0.004000s ]
NOTIC: [8] Use of undefined constant SQLITE_COLUMN_NAME_KEY - assumed 'SQLITE_COLUMN_NAME_KEY' D:\WWW\webone\Application\TPH\Common\function.php 第 4 行.
NOTIC: [8] Use of undefined constant MYSQL_COLUMN_NAME_KEY - assumed 'MYSQL_COLUMN_NAME_KEY' D:\WWW\webone\Application\TPH\Common\function.php 第 5 行.
INFO: [ app_begin ] --START--
INFO: Run Behavior\ReadHtmlCacheBehavior [ RunTime:0.001000s ]
INFO: [ app_begin ] --END-- [ RunTime:0.003000s ]
SQL: select * from information_schema.columns where table_schema='webone' and table_name='jnjs_lable' [ RunTime:0.0110s ]
INFO: [ view_parse ] --START--
INFO: [ template_filter ] --START--
INFO: Run Behavior\ContentReplaceBehavior [ RunTime:0.000000s ]
INFO: [ template_filter ] --END-- [ RunTime:0.002000s ]
NOTIC: [8] Undefined index: lable D:\WWW\webone\Application\TPH\Common\function.php 第 122 行.
NOTIC: [8] Undefined index: lable D:\WWW\webone\Application\TPH\Common\function.php 第 122 行.
NOTIC: [8] Undefined index: lable D:\WWW\webone\Application\TPH\Common\function.php 第 122 行.
NOTIC: [8] Undefined index: lable D:\WWW\webone\Application\TPH\Common\function.php 第 122 行.
NOTIC: [8] Undefined index: lable D:\WWW\webone\Application\TPH\Common\function.php 第 122 行.
NOTIC: [8] Undefined index: lable D:\WWW\webone\Application\TPH\Common\function.php 第 122 行.
NOTIC: [8] Undefined index: lable D:\WWW\webone\Application\TPH\Common\function.php 第 122 行.
NOTIC: [8] Undefined index: lable D:\WWW\webone\Application\TPH\Common\function.php 第 122 行.
NOTIC: [8] Undefined index: lable D:\WWW\webone\Application\TPH\Common\function.php 第 122 行.
NOTIC: [8] Undefined index: lable D:\WWW\webone\Application\TPH\Common\function.php 第 122 行.
NOTIC: [8] Undefined index: lable D:\WWW\webone\Application\TPH\Common\function.php 第 122 行.
NOTIC: [8] Undefined index: lable D:\WWW\webone\Application\TPH\Common\function.php 第 122 行.
INFO: Run Behavior\ParseTemplateBehavior [ RunTime:0.052003s ]
INFO: [ view_parse ] --END-- [ RunTime:0.053003s ]
INFO: [ view_filter ] --START--
INFO: Run Behavior\WriteHtmlCacheBehavior [ RunTime:0.002000s ]
INFO: [ view_filter ] --END-- [ RunTime:0.002000s ]
INFO: [ app_end ] --START--
INFO: Run Behavior\ShowPageTraceBehavior [ RunTime:0.001000s ]
INFO: [ app_end ] --END-- [ RunTime:0.003000s ]

[ 2017-08-09T09:34:30+08:00 ] ::1 /webone/index.php/TPH/Lable/edit/id/0.html
INFO: [ app_init ] --START--
INFO: Run Behavior\BuildLiteBehavior [ RunTime:0.000000s ]
INFO: [ app_init ] --END-- [ RunTime:0.002000s ]
NOTIC: [8] Use of undefined constant SQLITE_COLUMN_NAME_KEY - assumed 'SQLITE_COLUMN_NAME_KEY' D:\WWW\webone\Application\TPH\Common\function.php 第 4 行.
NOTIC: [8] Use of undefined constant MYSQL_COLUMN_NAME_KEY - assumed 'MYSQL_COLUMN_NAME_KEY' D:\WWW\webone\Application\TPH\Common\function.php 第 5 行.
INFO: [ app_begin ] --START--
INFO: Run Behavior\ReadHtmlCacheBehavior [ RunTime:0.002000s ]
INFO: [ app_begin ] --END-- [ RunTime:0.002000s ]
ERR: 无法加载控制器:Lable

[ 2017-08-09T09:50:23+08:00 ] ::1 /webone/index.php/TPH/Index/ui
INFO: [ app_init ] --START--
INFO: Run Behavior\BuildLiteBehavior [ RunTime:0.001000s ]
INFO: [ app_init ] --END-- [ RunTime:0.003000s ]
NOTIC: [8] Use of undefined constant SQLITE_COLUMN_NAME_KEY - assumed 'SQLITE_COLUMN_NAME_KEY' D:\WWW\webone\Application\TPH\Common\function.php 第 4 行.
NOTIC: [8] Use of undefined constant MYSQL_COLUMN_NAME_KEY - assumed 'MYSQL_COLUMN_NAME_KEY' D:\WWW\webone\Application\TPH\Common\function.php 第 5 行.
INFO: [ app_begin ] --START--
INFO: Run Behavior\ReadHtmlCacheBehavior [ RunTime:0.002000s ]
INFO: [ app_begin ] --END-- [ RunTime:0.002000s ]
INFO: [ view_parse ] --START--
INFO: [ template_filter ] --START--
INFO: Run Behavior\ContentReplaceBehavior [ RunTime:0.001000s ]
INFO: [ template_filter ] --END-- [ RunTime:0.002000s ]
INFO: Run Behavior\ParseTemplateBehavior [ RunTime:0.061003s ]
INFO: [ view_parse ] --END-- [ RunTime:0.063003s ]
INFO: [ view_filter ] --START--
INFO: Run Behavior\WriteHtmlCacheBehavior [ RunTime:0.001000s ]
INFO: [ view_filter ] --END-- [ RunTime:0.002000s ]
INFO: [ app_end ] --START--
INFO: Run Behavior\ShowPageTraceBehavior [ RunTime:0.001000s ]
INFO: [ app_end ] --END-- [ RunTime:0.003000s ]

[ 2017-08-09T09:50:24+08:00 ] ::1 /webone/index.php/TPH/Index/href=
INFO: [ app_init ] --START--
INFO: Run Behavior\BuildLiteBehavior [ RunTime:0.001000s ]
INFO: [ app_init ] --END-- [ RunTime:0.003001s ]
NOTIC: [8] Use of undefined constant SQLITE_COLUMN_NAME_KEY - assumed 'SQLITE_COLUMN_NAME_KEY' D:\WWW\webone\Application\TPH\Common\function.php 第 4 行.
NOTIC: [8] Use of undefined constant MYSQL_COLUMN_NAME_KEY - assumed 'MYSQL_COLUMN_NAME_KEY' D:\WWW\webone\Application\TPH\Common\function.php 第 5 行.
INFO: [ app_begin ] --START--
INFO: Run Behavior\ReadHtmlCacheBehavior [ RunTime:0.002000s ]
INFO: [ app_begin ] --END-- [ RunTime:0.003000s ]
ERR: 非法操作:href=

[ 2017-08-09T09:50:24+08:00 ] ::1 /webone/index.php/TPH/Index/checkVersion
INFO: [ app_init ] --START--
INFO: Run Behavior\BuildLiteBehavior [ RunTime:0.001000s ]
INFO: [ app_init ] --END-- [ RunTime:0.002000s ]
NOTIC: [8] Use of undefined constant SQLITE_COLUMN_NAME_KEY - assumed 'SQLITE_COLUMN_NAME_KEY' D:\WWW\webone\Application\TPH\Common\function.php 第 4 行.
NOTIC: [8] Use of undefined constant MYSQL_COLUMN_NAME_KEY - assumed 'MYSQL_COLUMN_NAME_KEY' D:\WWW\webone\Application\TPH\Common\function.php 第 5 行.
INFO: [ app_begin ] --START--
INFO: Run Behavior\ReadHtmlCacheBehavior [ RunTime:0.001000s ]
INFO: [ app_begin ] --END-- [ RunTime:0.002000s ]
INFO: [ app_end ] --START--
INFO: Run Behavior\ShowPageTraceBehavior [ RunTime:0.002000s ]
INFO: [ app_end ] --END-- [ RunTime:0.004000s ]

[ 2017-08-09T09:51:08+08:00 ] ::1 /webone/index.php/TPH/Index/help
INFO: [ app_init ] --START--
INFO: Run Behavior\BuildLiteBehavior [ RunTime:0.000000s ]
INFO: [ app_init ] --END-- [ RunTime:0.002001s ]
NOTIC: [8] Use of undefined constant SQLITE_COLUMN_NAME_KEY - assumed 'SQLITE_COLUMN_NAME_KEY' D:\WWW\webone\Application\TPH\Common\function.php 第 4 行.
NOTIC: [8] Use of undefined constant MYSQL_COLUMN_NAME_KEY - assumed 'MYSQL_COLUMN_NAME_KEY' D:\WWW\webone\Application\TPH\Common\function.php 第 5 行.
INFO: [ app_begin ] --START--
INFO: Run Behavior\ReadHtmlCacheBehavior [ RunTime:0.002000s ]
INFO: [ app_begin ] --END-- [ RunTime:0.004001s ]
INFO: [ view_parse ] --START--
INFO: [ template_filter ] --START--
INFO: Run Behavior\ContentReplaceBehavior [ RunTime:0.001000s ]
INFO: [ template_filter ] --END-- [ RunTime:0.002000s ]
NOTIC: [8] Undefined variable: content D:\WWW\webone\Runtime\Cache\TPH\95bed1c9dfb384565b387e1a02173d11.php 第 202 行.
INFO: Run Behavior\ParseTemplateBehavior [ RunTime:0.044003s ]
INFO: [ view_parse ] --END-- [ RunTime:0.046003s ]
INFO: [ view_filter ] --START--
INFO: Run Behavior\WriteHtmlCacheBehavior [ RunTime:0.002000s ]
INFO: [ view_filter ] --END-- [ RunTime:0.003000s ]
INFO: [ app_end ] --START--
INFO: Run Behavior\ShowPageTraceBehavior [ RunTime:0.002000s ]
INFO: [ app_end ] --END-- [ RunTime:0.004000s ]

[ 2017-08-09T09:51:10+08:00 ] ::1 /webone/index.php/TPH/Index/checkVersion
INFO: [ app_init ] --START--
INFO: Run Behavior\BuildLiteBehavior [ RunTime:0.001000s ]
INFO: [ app_init ] --END-- [ RunTime:0.002000s ]
NOTIC: [8] Use of undefined constant SQLITE_COLUMN_NAME_KEY - assumed 'SQLITE_COLUMN_NAME_KEY' D:\WWW\webone\Application\TPH\Common\function.php 第 4 行.
NOTIC: [8] Use of undefined constant MYSQL_COLUMN_NAME_KEY - assumed 'MYSQL_COLUMN_NAME_KEY' D:\WWW\webone\Application\TPH\Common\function.php 第 5 行.
INFO: [ app_begin ] --START--
INFO: Run Behavior\ReadHtmlCacheBehavior [ RunTime:0.001000s ]
INFO: [ app_begin ] --END-- [ RunTime:0.002000s ]
INFO: [ app_end ] --START--
INFO: Run Behavior\ShowPageTraceBehavior [ RunTime:0.002000s ]
INFO: [ app_end ] --END-- [ RunTime:0.002000s ]

[ 2017-08-09T09:52:01+08:00 ] ::1 /webone/index.php/TPH/CreateM
INFO: [ app_init ] --START--
INFO: Run Behavior\BuildLiteBehavior [ RunTime:0.001000s ]
INFO: [ app_init ] --END-- [ RunTime:0.002000s ]
NOTIC: [8] Use of undefined constant SQLITE_COLUMN_NAME_KEY - assumed 'SQLITE_COLUMN_NAME_KEY' D:\WWW\webone\Application\TPH\Common\function.php 第 4 行.
NOTIC: [8] Use of undefined constant MYSQL_COLUMN_NAME_KEY - assumed 'MYSQL_COLUMN_NAME_KEY' D:\WWW\webone\Application\TPH\Common\function.php 第 5 行.
INFO: [ app_begin ] --START--
INFO: Run Behavior\ReadHtmlCacheBehavior [ RunTime:0.002000s ]
INFO: [ app_begin ] --END-- [ RunTime:0.003000s ]
SQL: select table_name from information_schema.tables where table_schema='webone' and table_type='base table' [ RunTime:0.0010s ]
NOTIC: [2048] Non-static method TPH\Controller\FileUtil::getDirList() should not be called statically, assuming $this from incompatible context D:\WWW\webone\Application\TPH\Controller\CreateMController.class.php 第 83 行.
NOTIC: [2] implode() [<a href='function.implode'>function.implode</a>]: Invalid arguments passed D:\WWW\webone\Application\TPH\Controller\CreateMController.class.php 第 26 行.
INFO: [ view_parse ] --START--
INFO: [ template_filter ] --START--
INFO: Run Behavior\ContentReplaceBehavior [ RunTime:0.001000s ]
INFO: [ template_filter ] --END-- [ RunTime:0.002000s ]
INFO: Run Behavior\ParseTemplateBehavior [ RunTime:0.080005s ]
INFO: [ view_parse ] --END-- [ RunTime:0.081005s ]
INFO: [ view_filter ] --START--
INFO: Run Behavior\WriteHtmlCacheBehavior [ RunTime:0.002000s ]
INFO: [ view_filter ] --END-- [ RunTime:0.003000s ]
INFO: [ app_end ] --START--
INFO: Run Behavior\ShowPageTraceBehavior [ RunTime:0.002000s ]
INFO: [ app_end ] --END-- [ RunTime:0.002000s ]

[ 2017-08-09T09:52:01+08:00 ] ::1 /webone/index.php/TPH/Index/checkVersion
INFO: [ app_init ] --START--
INFO: Run Behavior\BuildLiteBehavior [ RunTime:0.000000s ]
INFO: [ app_init ] --END-- [ RunTime:0.003000s ]
NOTIC: [8] Use of undefined constant SQLITE_COLUMN_NAME_KEY - assumed 'SQLITE_COLUMN_NAME_KEY' D:\WWW\webone\Application\TPH\Common\function.php 第 4 行.
NOTIC: [8] Use of undefined constant MYSQL_COLUMN_NAME_KEY - assumed 'MYSQL_COLUMN_NAME_KEY' D:\WWW\webone\Application\TPH\Common\function.php 第 5 行.
INFO: [ app_begin ] --START--
INFO: Run Behavior\ReadHtmlCacheBehavior [ RunTime:0.001000s ]
INFO: [ app_begin ] --END-- [ RunTime:0.002000s ]
INFO: [ app_end ] --START--
INFO: Run Behavior\ShowPageTraceBehavior [ RunTime:0.001000s ]
INFO: [ app_end ] --END-- [ RunTime:0.002000s ]

[ 2017-08-09T09:52:03+08:00 ] ::1 /webone/index.php/TPH/CRUD/crud
INFO: [ app_init ] --START--
INFO: Run Behavior\BuildLiteBehavior [ RunTime:0.000000s ]
INFO: [ app_init ] --END-- [ RunTime:0.002000s ]
NOTIC: [8] Use of undefined constant SQLITE_COLUMN_NAME_KEY - assumed 'SQLITE_COLUMN_NAME_KEY' D:\WWW\webone\Application\TPH\Common\function.php 第 4 行.
NOTIC: [8] Use of undefined constant MYSQL_COLUMN_NAME_KEY - assumed 'MYSQL_COLUMN_NAME_KEY' D:\WWW\webone\Application\TPH\Common\function.php 第 5 行.
INFO: [ app_begin ] --START--
INFO: Run Behavior\ReadHtmlCacheBehavior [ RunTime:0.002000s ]
INFO: [ app_begin ] --END-- [ RunTime:0.004000s ]
SQL: select table_name from information_schema.tables where table_schema='webone' and table_type='base table' [ RunTime:0.0010s ]
NOTIC: [2] implode() [<a href='function.implode'>function.implode</a>]: Invalid arguments passed D:\WWW\webone\Application\TPH\Controller\CRUDController.class.php 第 21 行.
INFO: [ view_parse ] --START--
INFO: [ template_filter ] --START--
INFO: Run Behavior\ContentReplaceBehavior [ RunTime:0.001000s ]
INFO: [ template_filter ] --END-- [ RunTime:0.002000s ]
INFO: Run Behavior\ParseTemplateBehavior [ RunTime:0.082005s ]
INFO: [ view_parse ] --END-- [ RunTime:0.084005s ]
INFO: [ view_filter ] --START--
INFO: Run Behavior\WriteHtmlCacheBehavior [ RunTime:0.001000s ]
INFO: [ view_filter ] --END-- [ RunTime:0.002000s ]
INFO: [ app_end ] --START--
INFO: Run Behavior\ShowPageTraceBehavior [ RunTime:0.001000s ]
INFO: [ app_end ] --END-- [ RunTime:0.004000s ]

[ 2017-08-09T09:52:03+08:00 ] ::1 /webone/index.php/TPH/Index/checkVersion
INFO: [ app_init ] --START--
INFO: Run Behavior\BuildLiteBehavior [ RunTime:0.000000s ]
INFO: [ app_init ] --END-- [ RunTime:0.002000s ]
NOTIC: [8] Use of undefined constant SQLITE_COLUMN_NAME_KEY - assumed 'SQLITE_COLUMN_NAME_KEY' D:\WWW\webone\Application\TPH\Common\function.php 第 4 行.
NOTIC: [8] Use of undefined constant MYSQL_COLUMN_NAME_KEY - assumed 'MYSQL_COLUMN_NAME_KEY' D:\WWW\webone\Application\TPH\Common\function.php 第 5 行.
INFO: [ app_begin ] --START--
INFO: Run Behavior\ReadHtmlCacheBehavior [ RunTime:0.001000s ]
INFO: [ app_begin ] --END-- [ RunTime:0.003000s ]
INFO: [ app_end ] --START--
INFO: Run Behavior\ShowPageTraceBehavior [ RunTime:0.001000s ]
INFO: [ app_end ] --END-- [ RunTime:0.003000s ]

